<?xml version="1.0" encoding="UTF-8"?>
<!-- Generated by org.testng.reporters.JUnitReportReporter -->
<testsuite hostname="LAPTOP-0G4AGPL8" failures="0" tests="1" name="sampleTestNG.SampleTestNG" time="8.666" errors="0" timestamp="2020-11-27T06:23:37 EST" skipped="0">
  <testcase classname="sampleTestNG.SampleTestNG" name="verifyHomepageTitle" time="8.666"/>
  <system-out/>
</testsuite> <!-- sampleTestNG.SampleTestNG -->
