<?xml version="1.0" encoding="UTF-8"?>
<!-- Generated by org.testng.reporters.JUnitReportReporter -->
<testsuite hostname="LAPTOP-0G4AGPL8" failures="0" tests="2" name="sampleTestNG.SampleTest" time="5.447" errors="0" timestamp="2021-03-11T22:55:27 EST" skipped="0">
  <testcase classname="sampleTestNG.SampleTest" name="verifylink" time="0.084"/>
  <system-out/>
  <testcase classname="sampleTestNG.SampleTest" name="verifyHomepageTitle" time="5.363"/>
  <system-out/>
</testsuite> <!-- sampleTestNG.SampleTest -->
